<?xml version="1.0" encoding="UTF-8"?>
<testng-results skipped="0" failed="0" ignored="0" total="1" passed="1">
  <reporter-output>
  </reporter-output>
  <suite name="Suite" duration-ms="23376" started-at="2022-07-28T21:46:29Z" finished-at="2022-07-28T21:46:52Z">
    <groups>
    </groups>
    <test name="Test" duration-ms="23376" started-at="2022-07-28T21:46:29Z" finished-at="2022-07-28T21:46:52Z">
      <class name="com.tests.AutomationTest">
        <test-method status="PASS" signature="tearUp()[pri:0, instance:com.tests.AutomationTest@59f99ea]" name="tearUp" is-config="true" duration-ms="9366" started-at="2022-07-28T21:46:29Z" finished-at="2022-07-28T21:46:38Z">
          <reporter-output>
          </reporter-output>
        </test-method> <!-- tearUp -->
        <test-method status="PASS" signature="verifyFlightDetails()[pri:0, instance:com.tests.AutomationTest@59f99ea]" name="verifyFlightDetails" duration-ms="13983" started-at="2022-07-28T21:46:38Z" finished-at="2022-07-28T21:46:52Z">
          <reporter-output>
          </reporter-output>
        </test-method> <!-- verifyFlightDetails -->
      </class> <!-- com.tests.AutomationTest -->
    </test> <!-- Test -->
  </suite> <!-- Suite -->
</testng-results>
